0 info it worked if it ends with ok
1 verbose cli [ '/usr/local/bin/node', '/usr/local/bin/npm', 'publish' ]
2 info using npm@2.14.12
3 info using node@v4.2.4
4 verbose publish [ '.' ]
5 silly cache add args [ '.', null ]
6 verbose cache add spec .
7 silly cache add parsed spec Result {
7 silly cache add   raw: '.',
7 silly cache add   scope: null,
7 silly cache add   name: null,
7 silly cache add   rawSpec: '.',
7 silly cache add   spec: '/Users/benedictchen/code/PerfTimer',
7 silly cache add   type: 'directory' }
8 verbose addLocalDirectory /Users/benedictchen/.npm/perftimer/1.0.2/package.tgz not in flight; packing
9 verbose tar pack [ '/Users/benedictchen/.npm/perftimer/1.0.2/package.tgz',
9 verbose tar pack   '/Users/benedictchen/code/PerfTimer' ]
10 verbose tarball /Users/benedictchen/.npm/perftimer/1.0.2/package.tgz
11 verbose folder /Users/benedictchen/code/PerfTimer
12 info prepublish perftimer@1.0.2
13 verbose addLocalTarball adding from inside cache /Users/benedictchen/.npm/perftimer/1.0.2/package.tgz
14 silly cache afterAdd perftimer@1.0.2
15 verbose afterAdd /Users/benedictchen/.npm/perftimer/1.0.2/package/package.json not in flight; writing
16 verbose afterAdd /Users/benedictchen/.npm/perftimer/1.0.2/package/package.json written
17 silly publish { name: 'perftimer',
17 silly publish   version: '1.0.2',
17 silly publish   description: 'A simple nodejs performance timer.',
17 silly publish   main: 'lib/PerfTimer.js',
17 silly publish   scripts:
17 silly publish    { test: 'gulp test',
17 silly publish      clean: 'gulp clean',
17 silly publish      'ci-test': 'gulp ci-test',
17 silly publish      lint: 'gulp lint',
17 silly publish      validate: 'npm ls' },
17 silly publish   author: { name: 'Benedict Chen', email: 'thebenedictchen@gmail.com' },
17 silly publish   license: 'MIT',
17 silly publish   devDependencies:
17 silly publish    { chai: '^3.4.0',
17 silly publish      'chai-as-promised': '^5.1.0',
17 silly publish      'chai-stats': '^0.3.0',
17 silly publish      chalk: '^1.1.1',
17 silly publish      del: '^2.0.2',
17 silly publish      'electron-mocha': '^0.8.0',
17 silly publish      expect: '^1.12.2',
17 silly publish      growl: '^1.8.1',
17 silly publish      gulp: '3.9.0',
17 silly publish      'gulp-babel': '^5.2.1',
17 silly publish      'gulp-cached': '1.1.0',
17 silly publish      'gulp-git-staged': '0.0.1',
17 silly publish      'gulp-istanbul': '^0.10.2',
17 silly publish      'gulp-jscs': '^3.0.2',
17 silly publish      'gulp-jshint': '^1.12.0',
17 silly publish      'gulp-mocha': '',
17 silly publish      'gulp-sourcemaps': '1.5.2',
17 silly publish      'gulp-util': '',
17 silly publish      'gulp-watch': '4.3.4',
17 silly publish      jscs: '^2.5.1',
17 silly publish      jshint: '^2.8.0',
17 silly publish      'jshint-stylish': '^2.0.1',
17 silly publish      'mocha-junit-reporter': '^1.9.0',
17 silly publish      'mock-socket': '^0.8.2',
17 silly publish      'precommit-hook': '^3.0.0',
17 silly publish      proxyquire: '^1.7.3',
17 silly publish      should: '^7.1.1',
17 silly publish      sinon: '^1.17.2' },
17 silly publish   'pre-commit': [ 'lint', 'validate', 'test' ],
17 silly publish   readme: 'PerfTimer\n=========\n \nA simple performance recorder.  Please note that debugMode must be on\nor else nothing will happen.\n\nUsage:\n------\n\n ```javascript\n PerfTimer.debugMode(true);  // <-- Important!\n PerfTimer.start(`My random task`);\n doStuff();\n PerfTimer.stop(`My random task`);\n\n // Write the results to file (/tmp/performance.log) and console.\n PerfTimer.printReport();\n\n ```\n \n Development\n -----------\n - Dev-mode - `gulp devwatch` - this mode will watch your files, run tests, lint your code, and compile them as you code.\n - Tests - `gulp test` or `npm test`\n \n \nCreated by Benedict Chen. If you like it, you can buy me a beer with PayPal.\n\n*Donate via Paypal*\n-------------------\nIf you enjoy this repo, please support me. [Donate](https://www.paypal.com/cgi-bin/webscr?cmd=_s-xclick&hosted_button_id=WXQKYYKPHWXHS)\n \n \n',
17 silly publish   readmeFilename: 'README.md',
17 silly publish   gitHead: '312448d0d50b8306210125ccfe7fa084c4c61f1e',
17 silly publish   _id: 'perftimer@1.0.2',
17 silly publish   _shasum: 'd894b1a5fc45a500a1062b8f570486f59fc96efc',
17 silly publish   _from: '.' }
18 verbose getPublishConfig undefined
19 silly mapToRegistry name perftimer
20 silly mapToRegistry using default registry
21 silly mapToRegistry registry https://registry.npmjs.org/
22 silly mapToRegistry uri https://registry.npmjs.org/perftimer
23 verbose publish registryBase https://registry.npmjs.org/
24 silly publish uploading /Users/benedictchen/.npm/perftimer/1.0.2/package.tgz
25 verbose request uri https://registry.npmjs.org/perftimer
26 verbose request sending authorization for write operation
27 info attempt registry request try #1 at 5:07:06 PM
28 verbose request using bearer token for auth
29 verbose request id 7ef6087481e4cd18
30 http request PUT https://registry.npmjs.org/perftimer
31 http 403 https://registry.npmjs.org/perftimer
32 verbose headers { 'content-type': 'application/json',
32 verbose headers   'cache-control': 'max-age=300',
32 verbose headers   'content-length': '95',
32 verbose headers   'accept-ranges': 'bytes',
32 verbose headers   date: 'Fri, 04 Mar 2016 01:07:07 GMT',
32 verbose headers   via: '1.1 varnish',
32 verbose headers   connection: 'keep-alive',
32 verbose headers   'x-served-by': 'cache-lax1421-LAX',
32 verbose headers   'x-cache': 'MISS',
32 verbose headers   'x-cache-hits': '0',
32 verbose headers   'x-timer': 'S1457053627.374325,VS0,VE182' }
33 verbose request invalidating /Users/benedictchen/.npm/registry.npmjs.org/perftimer on PUT
34 error publish Failed PUT 403
35 verbose stack Error: "You cannot publish over the previously published version 1.0.2." : perftimer
35 verbose stack     at makeError (/usr/local/lib/node_modules/npm/node_modules/npm-registry-client/lib/request.js:264:12)
35 verbose stack     at CachingRegistryClient.<anonymous> (/usr/local/lib/node_modules/npm/node_modules/npm-registry-client/lib/request.js:252:14)
35 verbose stack     at Request._callback (/usr/local/lib/node_modules/npm/node_modules/npm-registry-client/lib/request.js:172:14)
35 verbose stack     at Request.self.callback (/usr/local/lib/node_modules/npm/node_modules/request/request.js:198:22)
35 verbose stack     at emitTwo (events.js:87:13)
35 verbose stack     at Request.emit (events.js:172:7)
35 verbose stack     at Request.<anonymous> (/usr/local/lib/node_modules/npm/node_modules/request/request.js:1082:10)
35 verbose stack     at emitOne (events.js:82:20)
35 verbose stack     at Request.emit (events.js:169:7)
35 verbose stack     at IncomingMessage.<anonymous> (/usr/local/lib/node_modules/npm/node_modules/request/request.js:1009:12)
36 verbose statusCode 403
37 verbose pkgid perftimer
38 verbose cwd /Users/benedictchen/code/PerfTimer
39 error Darwin 14.5.0
40 error argv "/usr/local/bin/node" "/usr/local/bin/npm" "publish"
41 error node v4.2.4
42 error npm  v2.14.12
43 error code E403
44 error "You cannot publish over the previously published version 1.0.2." : perftimer
45 error If you need help, you may report this error at:
45 error     <https://github.com/npm/npm/issues>
46 verbose exit [ 1, true ]
